<?xml version="1.0" encoding="UTF-8"?>
<!-- Generated by org.testng.reporters.JUnitReportReporter -->
<testsuite hostname="DESKTOP-V2RKAG5" failures="0" tests="1" name="testing.Login" time="10.288" errors="0" timestamp="2021-03-14T12:43:09 IST" skipped="0">
  <testcase classname="testing.Login" name="login_page" time="10.288"/>
  <system-out/>
</testsuite> <!-- testing.Login -->
