<?xml version="1.0" encoding="UTF-8"?>
<!-- Generated by org.testng.reporters.JUnitReportReporter -->
<testsuite hostname="DESKTOP-V2RKAG5" failures="0" tests="2" name="testing.NewText1" time="0.031" errors="0" timestamp="2021-03-07T12:17:09 IST" skipped="0">
  <testcase classname="testing.NewText1" name="testB" time="0.025"/>
  <system-out/>
  <testcase classname="testing.NewText1" name="testC" time="0.006"/>
  <system-out/>
</testsuite> <!-- testing.NewText1 -->
