<?xml version="1.0" encoding="UTF-8"?>
<!-- Generated by org.testng.reporters.JUnitReportReporter -->
<testsuite hostname="DESKTOP-V2RKAG5" failures="0" tests="4" name="testing.NewTest2" time="5.369" errors="0" timestamp="2021-03-07T12:23:22 IST" skipped="0">
  <testcase classname="testing.NewTest2" name="search" time="1.755"/>
  <system-out/>
  <testcase classname="testing.NewTest2" name="logout" time="0.001"/>
  <system-out/>
  <testcase classname="testing.NewTest2" name="login" time="3.612"/>
  <system-out/>
  <testcase classname="testing.NewTest2" name="advancedsearch" time="0.001"/>
  <system-out/>
</testsuite> <!-- testing.NewTest2 -->
